[0.067s] Invoking command in '/home/elee02/ros2_ws/src/build/turtlebot3_simulations': AMENT_PREFIX_PATH=/home/elee02/ros2_ws/src/install/turtlebot3_gazebo:/home/elee02/ros2_ws/src/install/turtlebot3_fake_node:${AMENT_PREFIX_PATH} CMAKE_PREFIX_PATH=/home/elee02/ros2_ws/src/install/turtlebot3_gazebo:/home/elee02/ros2_ws/src/install/turtlebot3_fake_node:/opt/ros/humble /usr/bin/cmake /home/elee02/ros2_ws/src/turtlebot3_simulations -DCMAKE_INSTALL_PREFIX=/home/elee02/ros2_ws/src/install/turtlebot3_simulations
[0.127s] -- The C compiler identification is GNU 11.4.0
[0.191s] -- The CXX compiler identification is GNU 11.4.0
[0.198s] -- Detecting C compiler ABI info
[0.274s] -- Detecting C compiler ABI info - done
[0.294s] -- Check for working C compiler: /usr/bin/cc - skipped
[0.294s] -- Detecting C compile features
[0.295s] -- Detecting C compile features - done
[0.301s] -- Detecting CXX compiler ABI info
[0.437s] -- Detecting CXX compiler ABI info - done
[0.449s] -- Check for working CXX compiler: /usr/bin/c++ - skipped
[0.449s] -- Detecting CXX compile features
[0.450s] -- Detecting CXX compile features - done
[0.453s] -- Found ament_cmake: 1.3.6 (/opt/ros/humble/share/ament_cmake/cmake)
[0.887s] -- Found Python3: /usr/bin/python3.10 (found version "3.10.12") found components: Interpreter 
[1.064s] -- Configuring done
[1.069s] -- Generating done
[1.070s] -- Build files have been written to: /home/elee02/ros2_ws/src/build/turtlebot3_simulations
[1.078s] Invoked command in '/home/elee02/ros2_ws/src/build/turtlebot3_simulations' returned '0': AMENT_PREFIX_PATH=/home/elee02/ros2_ws/src/install/turtlebot3_gazebo:/home/elee02/ros2_ws/src/install/turtlebot3_fake_node:${AMENT_PREFIX_PATH} CMAKE_PREFIX_PATH=/home/elee02/ros2_ws/src/install/turtlebot3_gazebo:/home/elee02/ros2_ws/src/install/turtlebot3_fake_node:/opt/ros/humble /usr/bin/cmake /home/elee02/ros2_ws/src/turtlebot3_simulations -DCMAKE_INSTALL_PREFIX=/home/elee02/ros2_ws/src/install/turtlebot3_simulations
[1.080s] Invoking command in '/home/elee02/ros2_ws/src/build/turtlebot3_simulations': AMENT_PREFIX_PATH=/home/elee02/ros2_ws/src/install/turtlebot3_gazebo:/home/elee02/ros2_ws/src/install/turtlebot3_fake_node:${AMENT_PREFIX_PATH} CMAKE_PREFIX_PATH=/home/elee02/ros2_ws/src/install/turtlebot3_gazebo:/home/elee02/ros2_ws/src/install/turtlebot3_fake_node:/opt/ros/humble /usr/bin/cmake --build /home/elee02/ros2_ws/src/build/turtlebot3_simulations -- -j8 -l8
[1.123s] Invoked command in '/home/elee02/ros2_ws/src/build/turtlebot3_simulations' returned '0': AMENT_PREFIX_PATH=/home/elee02/ros2_ws/src/install/turtlebot3_gazebo:/home/elee02/ros2_ws/src/install/turtlebot3_fake_node:${AMENT_PREFIX_PATH} CMAKE_PREFIX_PATH=/home/elee02/ros2_ws/src/install/turtlebot3_gazebo:/home/elee02/ros2_ws/src/install/turtlebot3_fake_node:/opt/ros/humble /usr/bin/cmake --build /home/elee02/ros2_ws/src/build/turtlebot3_simulations -- -j8 -l8
[1.146s] Invoking command in '/home/elee02/ros2_ws/src/build/turtlebot3_simulations': AMENT_PREFIX_PATH=/home/elee02/ros2_ws/src/install/turtlebot3_gazebo:/home/elee02/ros2_ws/src/install/turtlebot3_fake_node:${AMENT_PREFIX_PATH} CMAKE_PREFIX_PATH=/home/elee02/ros2_ws/src/install/turtlebot3_gazebo:/home/elee02/ros2_ws/src/install/turtlebot3_fake_node:/opt/ros/humble /usr/bin/cmake --install /home/elee02/ros2_ws/src/build/turtlebot3_simulations
[1.155s] -- Install configuration: ""
[1.155s] -- Installing: /home/elee02/ros2_ws/src/install/turtlebot3_simulations/share/ament_index/resource_index/package_run_dependencies/turtlebot3_simulations
[1.155s] -- Installing: /home/elee02/ros2_ws/src/install/turtlebot3_simulations/share/ament_index/resource_index/parent_prefix_path/turtlebot3_simulations
[1.156s] -- Installing: /home/elee02/ros2_ws/src/install/turtlebot3_simulations/share/turtlebot3_simulations/environment/ament_prefix_path.sh
[1.156s] -- Installing: /home/elee02/ros2_ws/src/install/turtlebot3_simulations/share/turtlebot3_simulations/environment/ament_prefix_path.dsv
[1.156s] -- Installing: /home/elee02/ros2_ws/src/install/turtlebot3_simulations/share/turtlebot3_simulations/environment/path.sh
[1.156s] -- Installing: /home/elee02/ros2_ws/src/install/turtlebot3_simulations/share/turtlebot3_simulations/environment/path.dsv
[1.157s] -- Installing: /home/elee02/ros2_ws/src/install/turtlebot3_simulations/share/turtlebot3_simulations/local_setup.bash
[1.157s] -- Installing: /home/elee02/ros2_ws/src/install/turtlebot3_simulations/share/turtlebot3_simulations/local_setup.sh
[1.157s] -- Installing: /home/elee02/ros2_ws/src/install/turtlebot3_simulations/share/turtlebot3_simulations/local_setup.zsh
[1.157s] -- Installing: /home/elee02/ros2_ws/src/install/turtlebot3_simulations/share/turtlebot3_simulations/local_setup.dsv
[1.158s] -- Installing: /home/elee02/ros2_ws/src/install/turtlebot3_simulations/share/turtlebot3_simulations/package.dsv
[1.158s] -- Installing: /home/elee02/ros2_ws/src/install/turtlebot3_simulations/share/ament_index/resource_index/packages/turtlebot3_simulations
[1.158s] -- Installing: /home/elee02/ros2_ws/src/install/turtlebot3_simulations/share/turtlebot3_simulations/cmake/turtlebot3_simulationsConfig.cmake
[1.159s] -- Installing: /home/elee02/ros2_ws/src/install/turtlebot3_simulations/share/turtlebot3_simulations/cmake/turtlebot3_simulationsConfig-version.cmake
[1.159s] -- Installing: /home/elee02/ros2_ws/src/install/turtlebot3_simulations/share/turtlebot3_simulations/package.xml
[1.161s] Invoked command in '/home/elee02/ros2_ws/src/build/turtlebot3_simulations' returned '0': AMENT_PREFIX_PATH=/home/elee02/ros2_ws/src/install/turtlebot3_gazebo:/home/elee02/ros2_ws/src/install/turtlebot3_fake_node:${AMENT_PREFIX_PATH} CMAKE_PREFIX_PATH=/home/elee02/ros2_ws/src/install/turtlebot3_gazebo:/home/elee02/ros2_ws/src/install/turtlebot3_fake_node:/opt/ros/humble /usr/bin/cmake --install /home/elee02/ros2_ws/src/build/turtlebot3_simulations
