[0.237s] Invoking command in '/home/elee02/ros2_ws/src/build/turtlebot3_fake_node': CMAKE_PREFIX_PATH=/opt/ros/humble /usr/bin/cmake /home/elee02/ros2_ws/src/turtlebot3_fake_node -DCMAKE_INSTALL_PREFIX=/home/elee02/ros2_ws/src/install/turtlebot3_fake_node
[0.306s] -- The C compiler identification is GNU 11.4.0
[0.368s] -- The CXX compiler identification is GNU 11.4.0
[0.377s] -- Detecting C compiler ABI info
[0.452s] -- Detecting C compiler ABI info - done
[0.465s] -- Check for working C compiler: /usr/bin/cc - skipped
[0.465s] -- Detecting C compile features
[0.465s] -- Detecting C compile features - done
[0.469s] -- Detecting CXX compiler ABI info
[0.558s] -- Detecting CXX compiler ABI info - done
[0.575s] -- Check for working CXX compiler: /usr/bin/c++ - skipped
[0.575s] -- Detecting CXX compile features
[0.577s] -- Detecting CXX compile features - done
[0.580s] -- Found ament_cmake: 1.3.6 (/opt/ros/humble/share/ament_cmake/cmake)
[1.016s] -- Found Python3: /usr/bin/python3.10 (found version "3.10.12") found components: Interpreter 
[1.112s] -- Found geometry_msgs: 4.2.3 (/opt/ros/humble/share/geometry_msgs/cmake)
[1.160s] -- Found rosidl_generator_c: 3.1.5 (/opt/ros/humble/share/rosidl_generator_c/cmake)
[1.168s] -- Found rosidl_adapter: 3.1.5 (/opt/ros/humble/share/rosidl_adapter/cmake)
[1.183s] -- Found rosidl_generator_cpp: 3.1.5 (/opt/ros/humble/share/rosidl_generator_cpp/cmake)
[1.208s] -- Using all available rosidl_typesupport_c: rosidl_typesupport_fastrtps_c;rosidl_typesupport_introspection_c
[1.237s] -- Using all available rosidl_typesupport_cpp: rosidl_typesupport_fastrtps_cpp;rosidl_typesupport_introspection_cpp
[1.430s] -- Found nav_msgs: 4.2.3 (/opt/ros/humble/share/nav_msgs/cmake)
[1.534s] -- Found rclcpp: 16.0.7 (/opt/ros/humble/share/rclcpp/cmake)
[1.606s] -- Found rmw_implementation_cmake: 6.1.1 (/opt/ros/humble/share/rmw_implementation_cmake/cmake)
[1.609s] -- Found rmw_fastrtps_cpp: 6.2.5 (/opt/ros/humble/share/rmw_fastrtps_cpp/cmake)
[1.721s] -- Found OpenSSL: /usr/lib/x86_64-linux-gnu/libcrypto.so (found version "3.0.2")  
[1.767s] -- Found FastRTPS: /opt/ros/humble/include  
[1.836s] -- Using RMW implementation 'rmw_fastrtps_cpp' as default
[1.847s] -- Looking for pthread.h
[1.925s] -- Looking for pthread.h - found
[1.926s] -- Performing Test CMAKE_HAVE_LIBC_PTHREAD
[2.008s] -- Performing Test CMAKE_HAVE_LIBC_PTHREAD - Success
[2.010s] -- Found Threads: TRUE  
[2.175s] -- Found sensor_msgs: 4.2.3 (/opt/ros/humble/share/sensor_msgs/cmake)
[2.279s] -- Found tf2: 0.25.5 (/opt/ros/humble/share/tf2/cmake)
[2.295s] -- Found tf2_msgs: 0.25.5 (/opt/ros/humble/share/tf2_msgs/cmake)
[2.489s] -- Found turtlebot3_msgs: 2.2.3 (/opt/ros/humble/share/turtlebot3_msgs/cmake)
[2.665s] -- Configuring done
[2.682s] -- Generating done
[2.684s] -- Build files have been written to: /home/elee02/ros2_ws/src/build/turtlebot3_fake_node
[2.703s] Invoked command in '/home/elee02/ros2_ws/src/build/turtlebot3_fake_node' returned '0': CMAKE_PREFIX_PATH=/opt/ros/humble /usr/bin/cmake /home/elee02/ros2_ws/src/turtlebot3_fake_node -DCMAKE_INSTALL_PREFIX=/home/elee02/ros2_ws/src/install/turtlebot3_fake_node
[2.704s] Invoking command in '/home/elee02/ros2_ws/src/build/turtlebot3_fake_node': CMAKE_PREFIX_PATH=/opt/ros/humble /usr/bin/cmake --build /home/elee02/ros2_ws/src/build/turtlebot3_fake_node -- -j8 -l8
[2.755s] [ 50%] [32mBuilding CXX object CMakeFiles/turtlebot3_fake_node.dir/src/turtlebot3_fake_node.cpp.o[0m
[17.092s] [100%] [32m[1mLinking CXX executable turtlebot3_fake_node[0m
[17.706s] [100%] Built target turtlebot3_fake_node
[17.719s] Invoked command in '/home/elee02/ros2_ws/src/build/turtlebot3_fake_node' returned '0': CMAKE_PREFIX_PATH=/opt/ros/humble /usr/bin/cmake --build /home/elee02/ros2_ws/src/build/turtlebot3_fake_node -- -j8 -l8
[17.768s] Invoking command in '/home/elee02/ros2_ws/src/build/turtlebot3_fake_node': CMAKE_PREFIX_PATH=/opt/ros/humble /usr/bin/cmake --install /home/elee02/ros2_ws/src/build/turtlebot3_fake_node
[17.776s] -- Install configuration: ""
[17.777s] -- Installing: /home/elee02/ros2_ws/src/install/turtlebot3_fake_node/lib/turtlebot3_fake_node/turtlebot3_fake_node
[17.802s] -- Set runtime path of "/home/elee02/ros2_ws/src/install/turtlebot3_fake_node/lib/turtlebot3_fake_node/turtlebot3_fake_node" to ""
[17.808s] -- Installing: /home/elee02/ros2_ws/src/install/turtlebot3_fake_node/share/turtlebot3_fake_node/launch
[17.809s] -- Installing: /home/elee02/ros2_ws/src/install/turtlebot3_fake_node/share/turtlebot3_fake_node/launch/turtlebot3_fake_node.launch.py
[17.810s] -- Installing: /home/elee02/ros2_ws/src/install/turtlebot3_fake_node/share/turtlebot3_fake_node/launch/rviz2.launch.py
[17.810s] -- Installing: /home/elee02/ros2_ws/src/install/turtlebot3_fake_node/share/turtlebot3_fake_node/param
[17.810s] -- Installing: /home/elee02/ros2_ws/src/install/turtlebot3_fake_node/share/turtlebot3_fake_node/param/waffle_pi.yaml
[17.811s] -- Installing: /home/elee02/ros2_ws/src/install/turtlebot3_fake_node/share/turtlebot3_fake_node/param/burger.yaml
[17.811s] -- Installing: /home/elee02/ros2_ws/src/install/turtlebot3_fake_node/share/turtlebot3_fake_node/param/waffle.yaml
[17.812s] -- Installing: /home/elee02/ros2_ws/src/install/turtlebot3_fake_node/include/
[17.812s] -- Installing: /home/elee02/ros2_ws/src/install/turtlebot3_fake_node/include//turtlebot3_fake_node
[17.814s] -- Installing: /home/elee02/ros2_ws/src/install/turtlebot3_fake_node/include//turtlebot3_fake_node/turtlebot3_fake_node.hpp
[17.815s] -- Installing: /home/elee02/ros2_ws/src/install/turtlebot3_fake_node/share/ament_index/resource_index/package_run_dependencies/turtlebot3_fake_node
[17.816s] -- Installing: /home/elee02/ros2_ws/src/install/turtlebot3_fake_node/share/ament_index/resource_index/parent_prefix_path/turtlebot3_fake_node
[17.816s] -- Installing: /home/elee02/ros2_ws/src/install/turtlebot3_fake_node/share/turtlebot3_fake_node/environment/ament_prefix_path.sh
[17.817s] -- Installing: /home/elee02/ros2_ws/src/install/turtlebot3_fake_node/share/turtlebot3_fake_node/environment/ament_prefix_path.dsv
[17.817s] -- Installing: /home/elee02/ros2_ws/src/install/turtlebot3_fake_node/share/turtlebot3_fake_node/environment/path.sh
[17.818s] -- Installing: /home/elee02/ros2_ws/src/install/turtlebot3_fake_node/share/turtlebot3_fake_node/environment/path.dsv
[17.818s] -- Installing: /home/elee02/ros2_ws/src/install/turtlebot3_fake_node/share/turtlebot3_fake_node/local_setup.bash
[17.819s] -- Installing: /home/elee02/ros2_ws/src/install/turtlebot3_fake_node/share/turtlebot3_fake_node/local_setup.sh
[17.819s] -- Installing: /home/elee02/ros2_ws/src/install/turtlebot3_fake_node/share/turtlebot3_fake_node/local_setup.zsh
[17.820s] -- Installing: /home/elee02/ros2_ws/src/install/turtlebot3_fake_node/share/turtlebot3_fake_node/local_setup.dsv
[17.820s] -- Installing: /home/elee02/ros2_ws/src/install/turtlebot3_fake_node/share/turtlebot3_fake_node/package.dsv
[17.821s] -- Installing: /home/elee02/ros2_ws/src/install/turtlebot3_fake_node/share/ament_index/resource_index/packages/turtlebot3_fake_node
[17.821s] -- Installing: /home/elee02/ros2_ws/src/install/turtlebot3_fake_node/share/turtlebot3_fake_node/cmake/ament_cmake_export_include_directories-extras.cmake
[17.822s] -- Installing: /home/elee02/ros2_ws/src/install/turtlebot3_fake_node/share/turtlebot3_fake_node/cmake/ament_cmake_export_dependencies-extras.cmake
[17.823s] -- Installing: /home/elee02/ros2_ws/src/install/turtlebot3_fake_node/share/turtlebot3_fake_node/cmake/turtlebot3_fake_nodeConfig.cmake
[17.823s] -- Installing: /home/elee02/ros2_ws/src/install/turtlebot3_fake_node/share/turtlebot3_fake_node/cmake/turtlebot3_fake_nodeConfig-version.cmake
[17.824s] -- Installing: /home/elee02/ros2_ws/src/install/turtlebot3_fake_node/share/turtlebot3_fake_node/package.xml
[17.839s] Invoked command in '/home/elee02/ros2_ws/src/build/turtlebot3_fake_node' returned '0': CMAKE_PREFIX_PATH=/opt/ros/humble /usr/bin/cmake --install /home/elee02/ros2_ws/src/build/turtlebot3_fake_node
