[1.134s] Invoking command in '/home/elee02/ros2_ws/src/my_robot_controller': PYTHONPATH=/home/elee02/ros2_ws/src/build/my_robot_controller/prefix_override:/home/elee02/ros2_ws/src/install/my_robot_controller/lib/python3.10/site-packages:${PYTHONPATH} /usr/bin/python3 setup.py egg_info --egg-base ../build/my_robot_controller build --build-base /home/elee02/ros2_ws/src/build/my_robot_controller/build install --record /home/elee02/ros2_ws/src/build/my_robot_controller/install.log --single-version-externally-managed
[1.451s] running egg_info
[1.452s] creating ../build/my_robot_controller/my_robot_controller.egg-info
[1.471s] writing ../build/my_robot_controller/my_robot_controller.egg-info/PKG-INFO
[1.472s] writing dependency_links to ../build/my_robot_controller/my_robot_controller.egg-info/dependency_links.txt
[1.472s] writing entry points to ../build/my_robot_controller/my_robot_controller.egg-info/entry_points.txt
[1.472s] writing requirements to ../build/my_robot_controller/my_robot_controller.egg-info/requires.txt
[1.472s] writing top-level names to ../build/my_robot_controller/my_robot_controller.egg-info/top_level.txt
[1.473s] writing manifest file '../build/my_robot_controller/my_robot_controller.egg-info/SOURCES.txt'
[1.516s] reading manifest file '../build/my_robot_controller/my_robot_controller.egg-info/SOURCES.txt'
[1.518s] writing manifest file '../build/my_robot_controller/my_robot_controller.egg-info/SOURCES.txt'
[1.518s] running build
[1.518s] running build_py
[1.518s] creating /home/elee02/ros2_ws/src/build/my_robot_controller/build
[1.518s] creating /home/elee02/ros2_ws/src/build/my_robot_controller/build/lib
[1.518s] creating /home/elee02/ros2_ws/src/build/my_robot_controller/build/lib/my_robot_controller
[1.518s] copying my_robot_controller/my_first_node.py -> /home/elee02/ros2_ws/src/build/my_robot_controller/build/lib/my_robot_controller
[1.518s] copying my_robot_controller/__init__.py -> /home/elee02/ros2_ws/src/build/my_robot_controller/build/lib/my_robot_controller
[1.518s] running install
[1.519s] /home/elee02/.local/lib/python3.10/site-packages/setuptools/_distutils/cmd.py:66: SetuptoolsDeprecationWarning: setup.py install is deprecated.
[1.519s] !!
[1.519s] 
[1.519s]         ********************************************************************************
[1.519s]         Please avoid running ``setup.py`` directly.
[1.519s]         Instead, use pypa/build, pypa/installer or other
[1.519s]         standards-based tools.
[1.519s] 
[1.519s]         See https://blog.ganssle.io/articles/2021/10/setup-py-deprecated.html for details.
[1.519s]         ********************************************************************************
[1.520s] 
[1.520s] !!
[1.520s]   self.initialize_options()
[1.525s] running install_lib
[1.548s] creating /home/elee02/ros2_ws/src/install/my_robot_controller/lib/python3.10/site-packages/my_robot_controller
[1.548s] copying /home/elee02/ros2_ws/src/build/my_robot_controller/build/lib/my_robot_controller/my_first_node.py -> /home/elee02/ros2_ws/src/install/my_robot_controller/lib/python3.10/site-packages/my_robot_controller
[1.548s] copying /home/elee02/ros2_ws/src/build/my_robot_controller/build/lib/my_robot_controller/__init__.py -> /home/elee02/ros2_ws/src/install/my_robot_controller/lib/python3.10/site-packages/my_robot_controller
[1.549s] byte-compiling /home/elee02/ros2_ws/src/install/my_robot_controller/lib/python3.10/site-packages/my_robot_controller/my_first_node.py to my_first_node.cpython-310.pyc
[1.549s] byte-compiling /home/elee02/ros2_ws/src/install/my_robot_controller/lib/python3.10/site-packages/my_robot_controller/__init__.py to __init__.cpython-310.pyc
[1.549s] running install_data
[1.574s] creating /home/elee02/ros2_ws/src/install/my_robot_controller/share/ament_index
[1.574s] creating /home/elee02/ros2_ws/src/install/my_robot_controller/share/ament_index/resource_index
[1.574s] creating /home/elee02/ros2_ws/src/install/my_robot_controller/share/ament_index/resource_index/packages
[1.574s] copying resource/my_robot_controller -> /home/elee02/ros2_ws/src/install/my_robot_controller/share/ament_index/resource_index/packages
[1.574s] copying package.xml -> /home/elee02/ros2_ws/src/install/my_robot_controller/share/my_robot_controller
[1.574s] running install_egg_info
[1.598s] Copying ../build/my_robot_controller/my_robot_controller.egg-info to /home/elee02/ros2_ws/src/install/my_robot_controller/lib/python3.10/site-packages/my_robot_controller-0.0.0-py3.10.egg-info
[1.599s] running install_scripts
[1.792s] Installing test_node script to /home/elee02/ros2_ws/src/install/my_robot_controller/lib/my_robot_controller
[1.793s] writing list of installed files to '/home/elee02/ros2_ws/src/build/my_robot_controller/install.log'
[1.824s] Invoked command in '/home/elee02/ros2_ws/src/my_robot_controller' returned '0': PYTHONPATH=/home/elee02/ros2_ws/src/build/my_robot_controller/prefix_override:/home/elee02/ros2_ws/src/install/my_robot_controller/lib/python3.10/site-packages:${PYTHONPATH} /usr/bin/python3 setup.py egg_info --egg-base ../build/my_robot_controller build --build-base /home/elee02/ros2_ws/src/build/my_robot_controller/build install --record /home/elee02/ros2_ws/src/build/my_robot_controller/install.log --single-version-externally-managed
