[0.177s] Invoking command in '/home/elee02/ros2_ws/src/build/turtlebot3_gazebo': CMAKE_PREFIX_PATH=/opt/ros/humble /usr/bin/cmake /home/elee02/ros2_ws/src/turtlebot3_gazebo -DCMAKE_INSTALL_PREFIX=/home/elee02/ros2_ws/src/install/turtlebot3_gazebo
[0.247s] -- The C compiler identification is GNU 11.4.0
[0.310s] -- The CXX compiler identification is GNU 11.4.0
[0.321s] -- Detecting C compiler ABI info
[0.400s] -- Detecting C compiler ABI info - done
[0.409s] -- Check for working C compiler: /usr/bin/cc - skipped
[0.410s] -- Detecting C compile features
[0.411s] -- Detecting C compile features - done
[0.415s] -- Detecting CXX compiler ABI info
[0.499s] -- Detecting CXX compiler ABI info - done
[0.511s] -- Check for working CXX compiler: /usr/bin/c++ - skipped
[0.511s] -- Detecting CXX compile features
[0.512s] -- Detecting CXX compile features - done
[0.517s] -- Found ament_cmake: 1.3.6 (/opt/ros/humble/share/ament_cmake/cmake)
[0.948s] -- Found Python3: /usr/bin/python3.10 (found version "3.10.12") found components: Interpreter 
[1.051s] [33mCMake Warning (dev) at /usr/share/cmake-3.22/Modules/FindPackageHandleStandardArgs.cmake:438 (message):
[1.051s]   The package name passed to `find_package_handle_standard_args` (PkgConfig)
[1.052s]   does not match the name of the calling package (gazebo).  This can lead to
[1.052s]   problems in calling code that expects `find_package` result variables
[1.052s]   (e.g., `_FOUND`) to follow a certain pattern.
[1.052s] Call Stack (most recent call first):
[1.052s]   /usr/share/cmake-3.22/Modules/FindPkgConfig.cmake:99 (find_package_handle_standard_args)
[1.052s]   /usr/lib/x86_64-linux-gnu/cmake/gazebo/gazebo-config.cmake:72 (include)
[1.052s]   CMakeLists.txt:23 (find_package)
[1.052s] This warning is for project developers.  Use -Wno-dev to suppress it.
[1.053s] [0m
[1.053s] -- Found PkgConfig: /usr/bin/pkg-config (found version "0.29.2") 
[1.056s] -- Checking for module 'bullet>=2.82'
[1.070s] --   Found bullet, version 3.05
[1.203s] -- Found fcl: /usr/include (found suitable version "0.7.0", minimum required is "0.5.0") 
[1.260s] -- Found assimp: /usr/include (found version "5.2.0") 
[1.293s] -- Found DART: /usr/include (Required is at least version "6.6") found components: dart 
[1.506s] -- Found Boost: /usr/lib/x86_64-linux-gnu/cmake/Boost-1.74.0/BoostConfig.cmake (found suitable version "1.74.0", minimum required is "1.40.0") found components: thread system filesystem program_options regex iostreams date_time 
[1.526s] -- Found Protobuf: /usr/lib/x86_64-linux-gnu/libprotobuf.so (found version "3.12.4") 
[1.531s] -- Looking for ignition-math6 -- found version 6.15.0
[1.539s] -- Searching for dependencies of ignition-math6
[1.540s] -- Looking for OGRE...
[1.541s] -- OGRE_PREFIX_WATCH changed.
[1.546s] -- Checking for module 'OGRE'
[1.558s] --   Found OGRE, version 1.9.0
[1.590s] -- Found Ogre Ghadamon (1.9.0)
[1.604s] -- Found OGRE: optimized;/usr/lib/x86_64-linux-gnu/libOgreMain.so;debug;/usr/lib/x86_64-linux-gnu/libOgreMain.so
[1.616s] -- Looking for OGRE_Paging...
[1.628s] -- Found OGRE_Paging: optimized;/usr/lib/x86_64-linux-gnu/libOgrePaging.so;debug;/usr/lib/x86_64-linux-gnu/libOgrePaging.so
[1.628s] -- Looking for OGRE_Terrain...
[1.639s] -- Found OGRE_Terrain: optimized;/usr/lib/x86_64-linux-gnu/libOgreTerrain.so;debug;/usr/lib/x86_64-linux-gnu/libOgreTerrain.so
[1.639s] -- Looking for OGRE_Property...
[1.647s] -- Found OGRE_Property: optimized;/usr/lib/x86_64-linux-gnu/libOgreProperty.so;debug;/usr/lib/x86_64-linux-gnu/libOgreProperty.so
[1.647s] -- Looking for OGRE_RTShaderSystem...
[1.659s] -- Found OGRE_RTShaderSystem: optimized;/usr/lib/x86_64-linux-gnu/libOgreRTShaderSystem.so;debug;/usr/lib/x86_64-linux-gnu/libOgreRTShaderSystem.so
[1.660s] -- Looking for OGRE_Volume...
[1.673s] -- Found OGRE_Volume: optimized;/usr/lib/x86_64-linux-gnu/libOgreVolume.so;debug;/usr/lib/x86_64-linux-gnu/libOgreVolume.so
[1.673s] -- Looking for OGRE_Overlay...
[1.682s] -- Found OGRE_Overlay: optimized;/usr/lib/x86_64-linux-gnu/libOgreOverlay.so;debug;/usr/lib/x86_64-linux-gnu/libOgreOverlay.so
[1.888s] -- Looking for ignition-math6 -- found version 6.15.0
[1.890s] -- Looking for ignition-transport8 -- found version 8.2.1
[1.891s] -- Searching for dependencies of ignition-transport8
[1.910s] -- Found Protobuf: /usr/lib/x86_64-linux-gnu/libprotobuf.so (found suitable version "3.12.4", minimum required is "3") 
[1.922s] -- Config-file not installed for ZeroMQ -- checking for pkg-config
[1.928s] -- Checking for module 'libzmq >= 4'
[1.942s] --   Found libzmq , version 4.3.4
[1.980s] -- Found ZeroMQ: TRUE (Required is at least version "4") 
[1.988s] -- Checking for module 'uuid'
[2.001s] --   Found uuid, version 2.37.2
[2.035s] -- Found UUID: TRUE  
[2.038s] -- Looking for ignition-msgs5 -- found version 5.8.1
[2.038s] -- Searching for dependencies of ignition-msgs5
[2.059s] -- Looking for ignition-math6 -- found version 6.15.0
[2.064s] -- Checking for module 'tinyxml2'
[2.077s] --   Found tinyxml2, version 9.0.0
[2.113s] -- Looking for ignition-msgs5 -- found version 5.8.1
[2.116s] -- Looking for ignition-common3 -- found version 3.14.0
[2.117s] -- Searching for dependencies of ignition-common3
[2.117s] -- Looking for dlfcn.h - found
[2.118s] -- Looking for libdl - found
[2.120s] -- Found DL: TRUE  
[2.132s] -- Found tinyobjloader: /usr/lib/x86_64-linux-gnu/cmake/tinyobjloader/tinyobjloader-config.cmake (found version "2.0.0") 
[2.133s] -- Searching for <ignition-common3> component [graphics]
[2.135s] -- Looking for ignition-common3-graphics -- found version 3.14.0
[2.136s] -- Searching for dependencies of ignition-common3-graphics
[2.136s] -- Looking for ignition-math6 -- found version 6.15.0
[2.139s] -- Looking for ignition-fuel_tools4 -- found version 4.4.0
[2.139s] -- Searching for dependencies of ignition-fuel_tools4
[2.221s] -- Found CURL: /usr/lib/x86_64-linux-gnu/libcurl.so (found version "7.81.0")  
[2.232s] -- Checking for module 'jsoncpp'
[2.246s] --   Found jsoncpp, version 1.9.5
[2.280s] -- Found JSONCPP: TRUE  
[2.287s] -- Checking for module 'libzip'
[2.301s] --   Found libzip, version 1.7.3
[2.333s] -- Found ZIP: TRUE  
[2.333s] -- Looking for ignition-common3 -- found version 3.14.0
[2.334s] -- Looking for ignition-math6 -- found version 6.15.0
[2.334s] -- Looking for ignition-msgs5 -- found version 5.8.1
[2.340s] -- Found gazebo_ros_pkgs: 3.7.0 (/opt/ros/humble/share/gazebo_ros_pkgs/cmake)
[2.341s] -- Found geometry_msgs: 4.2.3 (/opt/ros/humble/share/geometry_msgs/cmake)
[2.375s] -- Found rosidl_generator_c: 3.1.5 (/opt/ros/humble/share/rosidl_generator_c/cmake)
[2.381s] -- Found rosidl_adapter: 3.1.5 (/opt/ros/humble/share/rosidl_adapter/cmake)
[2.391s] -- Found rosidl_generator_cpp: 3.1.5 (/opt/ros/humble/share/rosidl_generator_cpp/cmake)
[2.407s] -- Using all available rosidl_typesupport_c: rosidl_typesupport_fastrtps_c;rosidl_typesupport_introspection_c
[2.430s] -- Using all available rosidl_typesupport_cpp: rosidl_typesupport_fastrtps_cpp;rosidl_typesupport_introspection_cpp
[2.577s] -- Found nav_msgs: 4.2.3 (/opt/ros/humble/share/nav_msgs/cmake)
[2.683s] -- Found rclcpp: 16.0.7 (/opt/ros/humble/share/rclcpp/cmake)
[2.758s] -- Found rmw_implementation_cmake: 6.1.1 (/opt/ros/humble/share/rmw_implementation_cmake/cmake)
[2.760s] -- Found rmw_fastrtps_cpp: 6.2.5 (/opt/ros/humble/share/rmw_fastrtps_cpp/cmake)
[2.878s] -- Found OpenSSL: /usr/lib/x86_64-linux-gnu/libcrypto.so (found version "3.0.2")  
[2.907s] -- Found FastRTPS: /opt/ros/humble/include  
[2.961s] -- Using RMW implementation 'rmw_fastrtps_cpp' as default
[2.972s] -- Found Threads: TRUE  
[3.129s] -- Found sensor_msgs: 4.2.3 (/opt/ros/humble/share/sensor_msgs/cmake)
[3.242s] -- Found tf2: 0.25.5 (/opt/ros/humble/share/tf2/cmake)
[3.343s] -- Configuring done
[3.393s] -- Generating done
[3.398s] -- Build files have been written to: /home/elee02/ros2_ws/src/build/turtlebot3_gazebo
[3.417s] Invoked command in '/home/elee02/ros2_ws/src/build/turtlebot3_gazebo' returned '0': CMAKE_PREFIX_PATH=/opt/ros/humble /usr/bin/cmake /home/elee02/ros2_ws/src/turtlebot3_gazebo -DCMAKE_INSTALL_PREFIX=/home/elee02/ros2_ws/src/install/turtlebot3_gazebo
[3.419s] Invoking command in '/home/elee02/ros2_ws/src/build/turtlebot3_gazebo': CMAKE_PREFIX_PATH=/opt/ros/humble /usr/bin/cmake --build /home/elee02/ros2_ws/src/build/turtlebot3_gazebo -- -j8 -l8
[3.477s] [ 12%] [32mBuilding CXX object CMakeFiles/obstacles.dir/models/turtlebot3_dqn_world/obstacle_plugin/obstacles.cc.o[0m
[3.479s] [ 25%] [32mBuilding CXX object CMakeFiles/obstacle1.dir/models/turtlebot3_dqn_world/obstacle_plugin/obstacle1.cc.o[0m
[3.483s] [ 37%] [32mBuilding CXX object CMakeFiles/turtlebot3_drive.dir/src/turtlebot3_drive.cpp.o[0m
[3.484s] [ 50%] [32mBuilding CXX object CMakeFiles/obstacle2.dir/models/turtlebot3_dqn_world/obstacle_plugin/obstacle2.cc.o[0m
[19.808s] [ 62%] [32m[1mLinking CXX executable turtlebot3_drive[0m
[20.400s] [ 75%] [32m[1mLinking CXX shared library libobstacle1.so[0m
[20.548s] [ 87%] [32m[1mLinking CXX shared library libobstacle2.so[0m
[20.570s] [ 87%] Built target turtlebot3_drive
[20.693s] [ 87%] Built target obstacle1
[20.777s] [100%] [32m[1mLinking CXX shared library libobstacles.so[0m
[20.835s] [100%] Built target obstacle2
[21.020s] [100%] Built target obstacles
[21.031s] Invoked command in '/home/elee02/ros2_ws/src/build/turtlebot3_gazebo' returned '0': CMAKE_PREFIX_PATH=/opt/ros/humble /usr/bin/cmake --build /home/elee02/ros2_ws/src/build/turtlebot3_gazebo -- -j8 -l8
[21.073s] Invoking command in '/home/elee02/ros2_ws/src/build/turtlebot3_gazebo': CMAKE_PREFIX_PATH=/opt/ros/humble /usr/bin/cmake --install /home/elee02/ros2_ws/src/build/turtlebot3_gazebo
[21.082s] -- Install configuration: ""
[21.083s] -- Installing: /home/elee02/ros2_ws/src/install/turtlebot3_gazebo/lib/turtlebot3_gazebo/turtlebot3_drive
[21.088s] -- Set runtime path of "/home/elee02/ros2_ws/src/install/turtlebot3_gazebo/lib/turtlebot3_gazebo/turtlebot3_drive" to ""
[21.088s] -- Installing: /home/elee02/ros2_ws/src/install/turtlebot3_gazebo/share/turtlebot3_gazebo//launch
[21.088s] -- Installing: /home/elee02/ros2_ws/src/install/turtlebot3_gazebo/share/turtlebot3_gazebo//launch/turtlebot3_dqn_stage2.launch.py
[21.089s] -- Installing: /home/elee02/ros2_ws/src/install/turtlebot3_gazebo/share/turtlebot3_gazebo//launch/turtlebot3_dqn_stage3.launch.py
[21.089s] -- Installing: /home/elee02/ros2_ws/src/install/turtlebot3_gazebo/share/turtlebot3_gazebo//launch/spawn_turtlebot3.launch.py
[21.089s] -- Installing: /home/elee02/ros2_ws/src/install/turtlebot3_gazebo/share/turtlebot3_gazebo//launch/robot_state_publisher.launch.py
[21.089s] -- Installing: /home/elee02/ros2_ws/src/install/turtlebot3_gazebo/share/turtlebot3_gazebo//launch/turtlebot3_dqn_stage4.launch.py
[21.089s] -- Installing: /home/elee02/ros2_ws/src/install/turtlebot3_gazebo/share/turtlebot3_gazebo//launch/turtlebot3_world.launch.py
[21.089s] -- Installing: /home/elee02/ros2_ws/src/install/turtlebot3_gazebo/share/turtlebot3_gazebo//launch/turtlebot3_house.launch.py
[21.089s] -- Installing: /home/elee02/ros2_ws/src/install/turtlebot3_gazebo/share/turtlebot3_gazebo//launch/empty_world.launch.py
[21.089s] -- Installing: /home/elee02/ros2_ws/src/install/turtlebot3_gazebo/share/turtlebot3_gazebo//launch/turtlebot3_dqn_stage1.launch.py
[21.089s] -- Installing: /home/elee02/ros2_ws/src/install/turtlebot3_gazebo/share/turtlebot3_gazebo//launch/__pycache__
[21.090s] -- Installing: /home/elee02/ros2_ws/src/install/turtlebot3_gazebo/share/turtlebot3_gazebo//launch/__pycache__/empty_world.launch.cpython-310.pyc
[21.090s] -- Installing: /home/elee02/ros2_ws/src/install/turtlebot3_gazebo/share/turtlebot3_gazebo//models
[21.090s] -- Installing: /home/elee02/ros2_ws/src/install/turtlebot3_gazebo/share/turtlebot3_gazebo//models/turtlebot3_waffle_pi
[21.090s] -- Installing: /home/elee02/ros2_ws/src/install/turtlebot3_gazebo/share/turtlebot3_gazebo//models/turtlebot3_waffle_pi/model-1_4_.sdf
[21.090s] -- Installing: /home/elee02/ros2_ws/src/install/turtlebot3_gazebo/share/turtlebot3_gazebo//models/turtlebot3_waffle_pi/model.sdf
[21.090s] -- Installing: /home/elee02/ros2_ws/src/install/turtlebot3_gazebo/share/turtlebot3_gazebo//models/turtlebot3_waffle_pi/model.config
[21.090s] -- Installing: /home/elee02/ros2_ws/src/install/turtlebot3_gazebo/share/turtlebot3_gazebo//models/turtlebot3_dqn_world
[21.090s] -- Installing: /home/elee02/ros2_ws/src/install/turtlebot3_gazebo/share/turtlebot3_gazebo//models/turtlebot3_dqn_world/goal_box
[21.090s] -- Installing: /home/elee02/ros2_ws/src/install/turtlebot3_gazebo/share/turtlebot3_gazebo//models/turtlebot3_dqn_world/goal_box/model.sdf
[21.091s] -- Installing: /home/elee02/ros2_ws/src/install/turtlebot3_gazebo/share/turtlebot3_gazebo//models/turtlebot3_dqn_world/goal_box/model.config
[21.091s] -- Installing: /home/elee02/ros2_ws/src/install/turtlebot3_gazebo/share/turtlebot3_gazebo//models/turtlebot3_dqn_world/obstacle_plugin
[21.091s] -- Installing: /home/elee02/ros2_ws/src/install/turtlebot3_gazebo/share/turtlebot3_gazebo//models/turtlebot3_dqn_world/obstacle_plugin/CMakeLists.txt
[21.091s] -- Installing: /home/elee02/ros2_ws/src/install/turtlebot3_gazebo/share/turtlebot3_gazebo//models/turtlebot3_dqn_world/obstacle_plugin/obstacles.cc
[21.091s] -- Installing: /home/elee02/ros2_ws/src/install/turtlebot3_gazebo/share/turtlebot3_gazebo//models/turtlebot3_dqn_world/obstacle_plugin/obstacle2.cc
[21.091s] -- Installing: /home/elee02/ros2_ws/src/install/turtlebot3_gazebo/share/turtlebot3_gazebo//models/turtlebot3_dqn_world/obstacle_plugin/obstacle1.cc
[21.091s] -- Installing: /home/elee02/ros2_ws/src/install/turtlebot3_gazebo/share/turtlebot3_gazebo//models/turtlebot3_dqn_world/model.sdf
[21.091s] -- Installing: /home/elee02/ros2_ws/src/install/turtlebot3_gazebo/share/turtlebot3_gazebo//models/turtlebot3_dqn_world/obstacle2
[21.091s] -- Installing: /home/elee02/ros2_ws/src/install/turtlebot3_gazebo/share/turtlebot3_gazebo//models/turtlebot3_dqn_world/obstacle2/model.sdf
[21.092s] -- Installing: /home/elee02/ros2_ws/src/install/turtlebot3_gazebo/share/turtlebot3_gazebo//models/turtlebot3_dqn_world/obstacle2/model.config
[21.092s] -- Installing: /home/elee02/ros2_ws/src/install/turtlebot3_gazebo/share/turtlebot3_gazebo//models/turtlebot3_dqn_world/model.config
[21.092s] -- Installing: /home/elee02/ros2_ws/src/install/turtlebot3_gazebo/share/turtlebot3_gazebo//models/turtlebot3_dqn_world/obstacles
[21.092s] -- Installing: /home/elee02/ros2_ws/src/install/turtlebot3_gazebo/share/turtlebot3_gazebo//models/turtlebot3_dqn_world/obstacles/model.sdf
[21.092s] -- Installing: /home/elee02/ros2_ws/src/install/turtlebot3_gazebo/share/turtlebot3_gazebo//models/turtlebot3_dqn_world/obstacles/model.config
[21.092s] -- Installing: /home/elee02/ros2_ws/src/install/turtlebot3_gazebo/share/turtlebot3_gazebo//models/turtlebot3_dqn_world/obstacle1
[21.092s] -- Installing: /home/elee02/ros2_ws/src/install/turtlebot3_gazebo/share/turtlebot3_gazebo//models/turtlebot3_dqn_world/obstacle1/model.sdf
[21.092s] -- Installing: /home/elee02/ros2_ws/src/install/turtlebot3_gazebo/share/turtlebot3_gazebo//models/turtlebot3_dqn_world/obstacle1/model.config
[21.092s] -- Installing: /home/elee02/ros2_ws/src/install/turtlebot3_gazebo/share/turtlebot3_gazebo//models/turtlebot3_dqn_world/inner_walls
[21.092s] -- Installing: /home/elee02/ros2_ws/src/install/turtlebot3_gazebo/share/turtlebot3_gazebo//models/turtlebot3_dqn_world/inner_walls/model.sdf
[21.093s] -- Installing: /home/elee02/ros2_ws/src/install/turtlebot3_gazebo/share/turtlebot3_gazebo//models/turtlebot3_dqn_world/inner_walls/model.config
[21.093s] -- Installing: /home/elee02/ros2_ws/src/install/turtlebot3_gazebo/share/turtlebot3_gazebo//models/turtlebot3_burger
[21.093s] -- Installing: /home/elee02/ros2_ws/src/install/turtlebot3_gazebo/share/turtlebot3_gazebo//models/turtlebot3_burger/model.sdf
[21.093s] -- Installing: /home/elee02/ros2_ws/src/install/turtlebot3_gazebo/share/turtlebot3_gazebo//models/turtlebot3_burger/model-1_4.sdf
[21.093s] -- Installing: /home/elee02/ros2_ws/src/install/turtlebot3_gazebo/share/turtlebot3_gazebo//models/turtlebot3_burger/model.config
[21.093s] -- Installing: /home/elee02/ros2_ws/src/install/turtlebot3_gazebo/share/turtlebot3_gazebo//models/turtlebot3_common
[21.093s] -- Installing: /home/elee02/ros2_ws/src/install/turtlebot3_gazebo/share/turtlebot3_gazebo//models/turtlebot3_common/model.config
[21.093s] -- Installing: /home/elee02/ros2_ws/src/install/turtlebot3_gazebo/share/turtlebot3_gazebo//models/turtlebot3_common/meshes
[21.093s] -- Installing: /home/elee02/ros2_ws/src/install/turtlebot3_gazebo/share/turtlebot3_gazebo//models/turtlebot3_common/meshes/waffle_pi_base.dae
[21.094s] -- Installing: /home/elee02/ros2_ws/src/install/turtlebot3_gazebo/share/turtlebot3_gazebo//models/turtlebot3_common/meshes/lds.dae
[21.094s] -- Installing: /home/elee02/ros2_ws/src/install/turtlebot3_gazebo/share/turtlebot3_gazebo//models/turtlebot3_common/meshes/r200.dae
[21.094s] -- Installing: /home/elee02/ros2_ws/src/install/turtlebot3_gazebo/share/turtlebot3_gazebo//models/turtlebot3_common/meshes/burger_base.dae
[21.094s] -- Installing: /home/elee02/ros2_ws/src/install/turtlebot3_gazebo/share/turtlebot3_gazebo//models/turtlebot3_common/meshes/tire.dae
[21.094s] -- Installing: /home/elee02/ros2_ws/src/install/turtlebot3_gazebo/share/turtlebot3_gazebo//models/turtlebot3_common/meshes/waffle_base.dae
[21.094s] -- Installing: /home/elee02/ros2_ws/src/install/turtlebot3_gazebo/share/turtlebot3_gazebo//models/turtlebot3_world
[21.094s] -- Installing: /home/elee02/ros2_ws/src/install/turtlebot3_gazebo/share/turtlebot3_gazebo//models/turtlebot3_world/model.sdf
[21.094s] -- Installing: /home/elee02/ros2_ws/src/install/turtlebot3_gazebo/share/turtlebot3_gazebo//models/turtlebot3_world/model-1_4.sdf
[21.094s] -- Installing: /home/elee02/ros2_ws/src/install/turtlebot3_gazebo/share/turtlebot3_gazebo//models/turtlebot3_world/model.config
[21.095s] -- Installing: /home/elee02/ros2_ws/src/install/turtlebot3_gazebo/share/turtlebot3_gazebo//models/turtlebot3_world/meshes
[21.095s] -- Installing: /home/elee02/ros2_ws/src/install/turtlebot3_gazebo/share/turtlebot3_gazebo//models/turtlebot3_world/meshes/wall.dae
[21.095s] -- Installing: /home/elee02/ros2_ws/src/install/turtlebot3_gazebo/share/turtlebot3_gazebo//models/turtlebot3_world/meshes/hexagon.dae
[21.095s] -- Installing: /home/elee02/ros2_ws/src/install/turtlebot3_gazebo/share/turtlebot3_gazebo//models/turtlebot3_waffle
[21.095s] -- Installing: /home/elee02/ros2_ws/src/install/turtlebot3_gazebo/share/turtlebot3_gazebo//models/turtlebot3_waffle/model.sdf
[21.095s] -- Installing: /home/elee02/ros2_ws/src/install/turtlebot3_gazebo/share/turtlebot3_gazebo//models/turtlebot3_waffle/model-1_4.sdf
[21.095s] -- Installing: /home/elee02/ros2_ws/src/install/turtlebot3_gazebo/share/turtlebot3_gazebo//models/turtlebot3_waffle/model.config
[21.095s] -- Installing: /home/elee02/ros2_ws/src/install/turtlebot3_gazebo/share/turtlebot3_gazebo//models/turtlebot3_house
[21.095s] -- Installing: /home/elee02/ros2_ws/src/install/turtlebot3_gazebo/share/turtlebot3_gazebo//models/turtlebot3_house/model.sdf
[21.096s] -- Installing: /home/elee02/ros2_ws/src/install/turtlebot3_gazebo/share/turtlebot3_gazebo//models/turtlebot3_house/model.config
[21.096s] -- Installing: /home/elee02/ros2_ws/src/install/turtlebot3_gazebo/share/turtlebot3_gazebo//rviz
[21.096s] -- Installing: /home/elee02/ros2_ws/src/install/turtlebot3_gazebo/share/turtlebot3_gazebo//rviz/tb3_gazebo.rviz
[21.096s] -- Installing: /home/elee02/ros2_ws/src/install/turtlebot3_gazebo/share/turtlebot3_gazebo//urdf
[21.096s] -- Installing: /home/elee02/ros2_ws/src/install/turtlebot3_gazebo/share/turtlebot3_gazebo//urdf/turtlebot3_waffle_pi.urdf
[21.096s] -- Installing: /home/elee02/ros2_ws/src/install/turtlebot3_gazebo/share/turtlebot3_gazebo//urdf/turtlebot3_waffle.urdf
[21.096s] -- Installing: /home/elee02/ros2_ws/src/install/turtlebot3_gazebo/share/turtlebot3_gazebo//urdf/common_properties.urdf
[21.096s] -- Installing: /home/elee02/ros2_ws/src/install/turtlebot3_gazebo/share/turtlebot3_gazebo//urdf/turtlebot3_burger.urdf
[21.096s] -- Installing: /home/elee02/ros2_ws/src/install/turtlebot3_gazebo/share/turtlebot3_gazebo//worlds
[21.097s] -- Installing: /home/elee02/ros2_ws/src/install/turtlebot3_gazebo/share/turtlebot3_gazebo//worlds/turtlebot3_dqn_stage3.world
[21.097s] -- Installing: /home/elee02/ros2_ws/src/install/turtlebot3_gazebo/share/turtlebot3_gazebo//worlds/empty_world.world
[21.097s] -- Installing: /home/elee02/ros2_ws/src/install/turtlebot3_gazebo/share/turtlebot3_gazebo//worlds/turtlebot3_world.world
[21.097s] -- Installing: /home/elee02/ros2_ws/src/install/turtlebot3_gazebo/share/turtlebot3_gazebo//worlds/turtlebot3_dqn_stage4.world
[21.097s] -- Installing: /home/elee02/ros2_ws/src/install/turtlebot3_gazebo/share/turtlebot3_gazebo//worlds/turtlebot3_dqn_stage2.world
[21.097s] -- Installing: /home/elee02/ros2_ws/src/install/turtlebot3_gazebo/share/turtlebot3_gazebo//worlds/turtlebot3_house.world
[21.097s] -- Installing: /home/elee02/ros2_ws/src/install/turtlebot3_gazebo/share/turtlebot3_gazebo//worlds/turtlebot3_dqn_stage1.world
[21.097s] -- Installing: /home/elee02/ros2_ws/src/install/turtlebot3_gazebo/include/
[21.097s] -- Installing: /home/elee02/ros2_ws/src/install/turtlebot3_gazebo/include//turtlebot3_gazebo
[21.098s] -- Installing: /home/elee02/ros2_ws/src/install/turtlebot3_gazebo/include//turtlebot3_gazebo/turtlebot3_drive.hpp
[21.098s] -- Installing: /home/elee02/ros2_ws/src/install/turtlebot3_gazebo/share/ament_index/resource_index/package_run_dependencies/turtlebot3_gazebo
[21.098s] -- Installing: /home/elee02/ros2_ws/src/install/turtlebot3_gazebo/share/ament_index/resource_index/parent_prefix_path/turtlebot3_gazebo
[21.098s] -- Installing: /home/elee02/ros2_ws/src/install/turtlebot3_gazebo/share/turtlebot3_gazebo/environment/ament_prefix_path.sh
[21.098s] -- Installing: /home/elee02/ros2_ws/src/install/turtlebot3_gazebo/share/turtlebot3_gazebo/environment/ament_prefix_path.dsv
[21.098s] -- Installing: /home/elee02/ros2_ws/src/install/turtlebot3_gazebo/share/turtlebot3_gazebo/environment/path.sh
[21.099s] -- Installing: /home/elee02/ros2_ws/src/install/turtlebot3_gazebo/share/turtlebot3_gazebo/environment/path.dsv
[21.099s] -- Installing: /home/elee02/ros2_ws/src/install/turtlebot3_gazebo/share/turtlebot3_gazebo/local_setup.bash
[21.099s] -- Installing: /home/elee02/ros2_ws/src/install/turtlebot3_gazebo/share/turtlebot3_gazebo/local_setup.sh
[21.099s] -- Installing: /home/elee02/ros2_ws/src/install/turtlebot3_gazebo/share/turtlebot3_gazebo/local_setup.zsh
[21.099s] -- Installing: /home/elee02/ros2_ws/src/install/turtlebot3_gazebo/share/turtlebot3_gazebo/local_setup.dsv
[21.099s] -- Installing: /home/elee02/ros2_ws/src/install/turtlebot3_gazebo/share/turtlebot3_gazebo/package.dsv
[21.099s] -- Installing: /home/elee02/ros2_ws/src/install/turtlebot3_gazebo/share/ament_index/resource_index/packages/turtlebot3_gazebo
[21.100s] -- Installing: /home/elee02/ros2_ws/src/install/turtlebot3_gazebo/share/turtlebot3_gazebo/cmake/ament_cmake_export_include_directories-extras.cmake
[21.100s] -- Installing: /home/elee02/ros2_ws/src/install/turtlebot3_gazebo/share/turtlebot3_gazebo/cmake/ament_cmake_export_dependencies-extras.cmake
[21.100s] -- Installing: /home/elee02/ros2_ws/src/install/turtlebot3_gazebo/share/turtlebot3_gazebo/cmake/turtlebot3_gazeboConfig.cmake
[21.100s] -- Installing: /home/elee02/ros2_ws/src/install/turtlebot3_gazebo/share/turtlebot3_gazebo/cmake/turtlebot3_gazeboConfig-version.cmake
[21.100s] -- Installing: /home/elee02/ros2_ws/src/install/turtlebot3_gazebo/share/turtlebot3_gazebo/package.xml
[21.102s] Invoked command in '/home/elee02/ros2_ws/src/build/turtlebot3_gazebo' returned '0': CMAKE_PREFIX_PATH=/opt/ros/humble /usr/bin/cmake --install /home/elee02/ros2_ws/src/build/turtlebot3_gazebo
