[1.317s] Invoking command in '/home/elee02/ros2_ws/src/my_robot_controller': PYTHONPATH=/home/elee02/ros2_ws/src/build/my_robot_controller/prefix_override:/home/elee02/ros2_ws/src/install/my_robot_controller/lib/python3.10/site-packages:${PYTHONPATH} /usr/bin/python3 setup.py egg_info --egg-base ../build/my_robot_controller build --build-base /home/elee02/ros2_ws/src/build/my_robot_controller/build install --record /home/elee02/ros2_ws/src/build/my_robot_controller/install.log --single-version-externally-managed
[1.607s] running egg_info
[1.626s] writing ../build/my_robot_controller/my_robot_controller.egg-info/PKG-INFO
[1.626s] writing dependency_links to ../build/my_robot_controller/my_robot_controller.egg-info/dependency_links.txt
[1.627s] writing entry points to ../build/my_robot_controller/my_robot_controller.egg-info/entry_points.txt
[1.627s] writing requirements to ../build/my_robot_controller/my_robot_controller.egg-info/requires.txt
[1.627s] writing top-level names to ../build/my_robot_controller/my_robot_controller.egg-info/top_level.txt
[1.668s] reading manifest file '../build/my_robot_controller/my_robot_controller.egg-info/SOURCES.txt'
[1.669s] writing manifest file '../build/my_robot_controller/my_robot_controller.egg-info/SOURCES.txt'
[1.669s] running build
[1.669s] running build_py
[1.669s] copying my_robot_controller/my_first_node.py -> /home/elee02/ros2_ws/src/build/my_robot_controller/build/lib/my_robot_controller
[1.669s] copying my_robot_controller/draw_circle.py -> /home/elee02/ros2_ws/src/build/my_robot_controller/build/lib/my_robot_controller
[1.669s] copying my_robot_controller/__init__.py -> /home/elee02/ros2_ws/src/build/my_robot_controller/build/lib/my_robot_controller
[1.670s] running install
[1.670s] /home/elee02/.local/lib/python3.10/site-packages/setuptools/_distutils/cmd.py:66: SetuptoolsDeprecationWarning: setup.py install is deprecated.
[1.670s] !!
[1.670s] 
[1.670s]         ********************************************************************************
[1.670s]         Please avoid running ``setup.py`` directly.
[1.670s]         Instead, use pypa/build, pypa/installer or other
[1.670s]         standards-based tools.
[1.671s] 
[1.671s]         See https://blog.ganssle.io/articles/2021/10/setup-py-deprecated.html for details.
[1.671s]         ********************************************************************************
[1.671s] 
[1.671s] !!
[1.671s]   self.initialize_options()
[1.676s] running install_lib
[1.698s] copying /home/elee02/ros2_ws/src/build/my_robot_controller/build/lib/my_robot_controller/my_first_node.py -> /home/elee02/ros2_ws/src/install/my_robot_controller/lib/python3.10/site-packages/my_robot_controller
[1.698s] copying /home/elee02/ros2_ws/src/build/my_robot_controller/build/lib/my_robot_controller/draw_circle.py -> /home/elee02/ros2_ws/src/install/my_robot_controller/lib/python3.10/site-packages/my_robot_controller
[1.699s] byte-compiling /home/elee02/ros2_ws/src/install/my_robot_controller/lib/python3.10/site-packages/my_robot_controller/my_first_node.py to my_first_node.cpython-310.pyc
[1.700s] byte-compiling /home/elee02/ros2_ws/src/install/my_robot_controller/lib/python3.10/site-packages/my_robot_controller/draw_circle.py to draw_circle.cpython-310.pyc
[1.700s] running install_data
[1.725s] copying resource/my_robot_controller -> /home/elee02/ros2_ws/src/install/my_robot_controller/share/ament_index/resource_index/packages
[1.726s] copying package.xml -> /home/elee02/ros2_ws/src/install/my_robot_controller/share/my_robot_controller
[1.726s] running install_egg_info
[1.762s] removing '/home/elee02/ros2_ws/src/install/my_robot_controller/lib/python3.10/site-packages/my_robot_controller-0.0.0-py3.10.egg-info' (and everything under it)
[1.762s] Copying ../build/my_robot_controller/my_robot_controller.egg-info to /home/elee02/ros2_ws/src/install/my_robot_controller/lib/python3.10/site-packages/my_robot_controller-0.0.0-py3.10.egg-info
[1.763s] running install_scripts
[1.970s] Installing draw_circle script to /home/elee02/ros2_ws/src/install/my_robot_controller/lib/my_robot_controller
[1.970s] Installing test_node script to /home/elee02/ros2_ws/src/install/my_robot_controller/lib/my_robot_controller
[1.971s] writing list of installed files to '/home/elee02/ros2_ws/src/build/my_robot_controller/install.log'
[2.000s] Invoked command in '/home/elee02/ros2_ws/src/my_robot_controller' returned '0': PYTHONPATH=/home/elee02/ros2_ws/src/build/my_robot_controller/prefix_override:/home/elee02/ros2_ws/src/install/my_robot_controller/lib/python3.10/site-packages:${PYTHONPATH} /usr/bin/python3 setup.py egg_info --egg-base ../build/my_robot_controller build --build-base /home/elee02/ros2_ws/src/build/my_robot_controller/build install --record /home/elee02/ros2_ws/src/build/my_robot_controller/install.log --single-version-externally-managed
